{"/Users/igororishchenko/Documents/GitHub/react-hooks-kit/src/index.ts": {"path":"/Users/igororishchenko/Documents/GitHub/react-hooks-kit/src/index.ts","statementMap":{"0":{"start":{"line":1,"column":0},"end":{"line":1,"column":9}},"1":{"start":{"line":1,"column":9},"end":{"line":1,"column":25}},"2":{"start":{"line":1,"column":25},"end":{"line":1,"column":37}},"3":{"start":{"line":1,"column":37},"end":{"line":1,"column":52}},"4":{"start":{"line":1,"column":52},"end":{"line":1,"column":62}},"5":{"start":{"line":1,"column":62},"end":{"line":1,"column":101}},"6":{"start":{"line":2,"column":0},"end":{"line":2,"column":9}},"7":{"start":{"line":2,"column":9},"end":{"line":2,"column":24}},"8":{"start":{"line":2,"column":24},"end":{"line":2,"column":57}},"9":{"start":{"line":3,"column":0},"end":{"line":3,"column":9}},"10":{"start":{"line":3,"column":9},"end":{"line":3,"column":50}},"11":{"start":{"line":4,"column":0},"end":{"line":4,"column":9}},"12":{"start":{"line":4,"column":9},"end":{"line":4,"column":22}},"13":{"start":{"line":4,"column":22},"end":{"line":4,"column":58}},"14":{"start":{"line":5,"column":0},"end":{"line":5,"column":9}},"15":{"start":{"line":5,"column":9},"end":{"line":5,"column":40}}},"fnMap":{"0":{"name":"(anonymous_0)","decl":{"start":{"line":1,"column":9},"end":{"line":1,"column":23}},"loc":{"start":{"line":1,"column":9},"end":{"line":1,"column":25}}},"1":{"name":"(anonymous_1)","decl":{"start":{"line":1,"column":25},"end":{"line":1,"column":35}},"loc":{"start":{"line":1,"column":25},"end":{"line":1,"column":37}}},"2":{"name":"(anonymous_2)","decl":{"start":{"line":1,"column":37},"end":{"line":1,"column":50}},"loc":{"start":{"line":1,"column":37},"end":{"line":1,"column":52}}},"3":{"name":"(anonymous_3)","decl":{"start":{"line":1,"column":52},"end":{"line":1,"column":60}},"loc":{"start":{"line":1,"column":52},"end":{"line":1,"column":62}}},"4":{"name":"(anonymous_4)","decl":{"start":{"line":1,"column":62},"end":{"line":1,"column":72}},"loc":{"start":{"line":1,"column":62},"end":{"line":1,"column":101}}},"5":{"name":"(anonymous_5)","decl":{"start":{"line":2,"column":9},"end":{"line":2,"column":22}},"loc":{"start":{"line":2,"column":9},"end":{"line":2,"column":24}}},"6":{"name":"(anonymous_6)","decl":{"start":{"line":2,"column":24},"end":{"line":2,"column":33}},"loc":{"start":{"line":2,"column":24},"end":{"line":2,"column":57}}},"7":{"name":"(anonymous_7)","decl":{"start":{"line":3,"column":9},"end":{"line":3,"column":24}},"loc":{"start":{"line":3,"column":9},"end":{"line":3,"column":50}}},"8":{"name":"(anonymous_8)","decl":{"start":{"line":4,"column":9},"end":{"line":4,"column":20}},"loc":{"start":{"line":4,"column":9},"end":{"line":4,"column":22}}},"9":{"name":"(anonymous_9)","decl":{"start":{"line":4,"column":22},"end":{"line":4,"column":32}},"loc":{"start":{"line":4,"column":22},"end":{"line":4,"column":58}}},"10":{"name":"(anonymous_10)","decl":{"start":{"line":5,"column":9},"end":{"line":5,"column":17}},"loc":{"start":{"line":5,"column":9},"end":{"line":5,"column":40}}}},"branchMap":{},"s":{"0":1,"1":1,"2":1,"3":1,"4":6,"5":1,"6":1,"7":1,"8":1,"9":1,"10":1,"11":1,"12":1,"13":1,"14":1,"15":1},"f":{"0":0,"1":0,"2":0,"3":5,"4":0,"5":0,"6":0,"7":0,"8":0,"9":0,"10":0},"b":{}}
,"/Users/igororishchenko/Documents/GitHub/react-hooks-kit/src/hooks/browser/index.ts": {"path":"/Users/igororishchenko/Documents/GitHub/react-hooks-kit/src/hooks/browser/index.ts","statementMap":{"0":{"start":{"line":1,"column":0},"end":{"line":1,"column":9}},"1":{"start":{"line":1,"column":9},"end":{"line":1,"column":52}}},"fnMap":{"0":{"name":"(anonymous_0)","decl":{"start":{"line":1,"column":9},"end":{"line":1,"column":24}},"loc":{"start":{"line":1,"column":9},"end":{"line":1,"column":52}}}},"branchMap":{},"s":{"0":1,"1":1},"f":{"0":0},"b":{}}
,"/Users/igororishchenko/Documents/GitHub/react-hooks-kit/src/hooks/browser/useLocalStorage.ts": {"path":"/Users/igororishchenko/Documents/GitHub/react-hooks-kit/src/hooks/browser/useLocalStorage.ts","statementMap":{"0":{"start":{"line":1,"column":0},"end":{"line":1,"column":33}},"1":{"start":{"line":4,"column":31},"end":{"line":56,"column":1}},"2":{"start":{"line":4,"column":40},"end":{"line":4,"column":42}},"3":{"start":{"line":4,"column":54},"end":{"line":4,"column":103}},"4":{"start":{"line":6,"column":20},"end":{"line":16,"column":3}},"5":{"start":{"line":7,"column":4},"end":{"line":15,"column":null}},"6":{"start":{"line":8,"column":19},"end":{"line":8,"column":51}},"7":{"start":{"line":10,"column":6},"end":{"line":10,"column":52}},"8":{"start":{"line":12,"column":6},"end":{"line":12,"column":27}},"9":{"start":{"line":14,"column":6},"end":{"line":14,"column":26}},"10":{"start":{"line":18,"column":40},"end":{"line":18,"column":74}},"11":{"start":{"line":18,"column":20},"end":{"line":18,"column":22}},"12":{"start":{"line":18,"column":36},"end":{"line":18,"column":40}},"13":{"start":{"line":21,"column":19},"end":{"line":31,"column":3}},"14":{"start":{"line":22,"column":4},"end":{"line":30,"column":null}},"15":{"start":{"line":23,"column":27},"end":{"line":23,"column":81}},"16":{"start":{"line":25,"column":6},"end":{"line":25,"column":35}},"17":{"start":{"line":27,"column":6},"end":{"line":27,"column":69}},"18":{"start":{"line":29,"column":6},"end":{"line":29,"column":27}},"19":{"start":{"line":34,"column":22},"end":{"line":42,"column":3}},"20":{"start":{"line":35,"column":4},"end":{"line":41,"column":null}},"21":{"start":{"line":36,"column":6},"end":{"line":36,"column":42}},"22":{"start":{"line":38,"column":6},"end":{"line":38,"column":32}},"23":{"start":{"line":40,"column":6},"end":{"line":40,"column":27}},"24":{"start":{"line":45,"column":25},"end":{"line":53,"column":3}},"25":{"start":{"line":46,"column":4},"end":{"line":52,"column":null}},"26":{"start":{"line":47,"column":6},"end":{"line":47,"column":34}},"27":{"start":{"line":49,"column":6},"end":{"line":49,"column":32}},"28":{"start":{"line":51,"column":6},"end":{"line":51,"column":27}},"29":{"start":{"line":55,"column":2},"end":{"line":55,"column":71}},"30":{"start":{"line":4,"column":13},"end":{"line":4,"column":31}}},"fnMap":{"0":{"name":"(anonymous_0)","decl":{"start":{"line":4,"column":31},"end":{"line":4,"column":35}},"loc":{"start":{"line":4,"column":103},"end":{"line":56,"column":1}}},"1":{"name":"(anonymous_1)","decl":{"start":{"line":6,"column":20},"end":{"line":6,"column":null}},"loc":{"start":{"line":6,"column":20},"end":{"line":16,"column":3}}},"2":{"name":"(anonymous_2)","decl":{"start":{"line":21,"column":19},"end":{"line":21,"column":20}},"loc":{"start":{"line":21,"column":50},"end":{"line":31,"column":3}}},"3":{"name":"(anonymous_3)","decl":{"start":{"line":34,"column":22},"end":{"line":34,"column":23}},"loc":{"start":{"line":34,"column":34},"end":{"line":42,"column":3}}},"4":{"name":"(anonymous_4)","decl":{"start":{"line":45,"column":25},"end":{"line":45,"column":null}},"loc":{"start":{"line":45,"column":25},"end":{"line":53,"column":3}}}},"branchMap":{"0":{"loc":{"start":{"line":10,"column":20},"end":{"line":10,"column":36}},"type":"cond-expr","locations":[{"start":{"line":10,"column":20},"end":{"line":10,"column":36}},{"start":{"line":10,"column":39},"end":{"line":10,"column":51}}]},"1":{"loc":{"start":{"line":23,"column":55},"end":{"line":23,"column":73}},"type":"cond-expr","locations":[{"start":{"line":23,"column":55},"end":{"line":23,"column":73}},{"start":{"line":23,"column":76},"end":{"line":23,"column":81}}]}},"s":{"0":1,"1":1,"2":0,"3":0,"4":0,"5":0,"6":0,"7":0,"8":0,"9":0,"10":0,"11":0,"12":0,"13":0,"14":0,"15":0,"16":0,"17":0,"18":0,"19":0,"20":0,"21":0,"22":0,"23":0,"24":0,"25":0,"26":0,"27":0,"28":0,"29":0,"30":1},"f":{"0":0,"1":0,"2":0,"3":0,"4":0},"b":{"0":[0,0],"1":[0,0]}}
,"/Users/igororishchenko/Documents/GitHub/react-hooks-kit/src/hooks/data/index.ts": {"path":"/Users/igororishchenko/Documents/GitHub/react-hooks-kit/src/hooks/data/index.ts","statementMap":{"0":{"start":{"line":1,"column":0},"end":{"line":1,"column":9}},"1":{"start":{"line":1,"column":9},"end":{"line":1,"column":38}}},"fnMap":{"0":{"name":"(anonymous_0)","decl":{"start":{"line":1,"column":9},"end":{"line":1,"column":17}},"loc":{"start":{"line":1,"column":9},"end":{"line":1,"column":38}}}},"branchMap":{},"s":{"0":1,"1":1},"f":{"0":0},"b":{}}
,"/Users/igororishchenko/Documents/GitHub/react-hooks-kit/src/hooks/data/useFetch.ts": {"path":"/Users/igororishchenko/Documents/GitHub/react-hooks-kit/src/hooks/data/useFetch.ts","statementMap":{"0":{"start":{"line":1,"column":0},"end":{"line":1,"column":44}},"1":{"start":{"line":4,"column":24},"end":{"line":42,"column":1}},"2":{"start":{"line":5,"column":32},"end":{"line":5,"column":46}},"3":{"start":{"line":5,"column":16},"end":{"line":5,"column":18}},"4":{"start":{"line":5,"column":28},"end":{"line":5,"column":32}},"5":{"start":{"line":6,"column":28},"end":{"line":6,"column":43}},"6":{"start":{"line":6,"column":14},"end":{"line":6,"column":16}},"7":{"start":{"line":6,"column":24},"end":{"line":6,"column":28}},"8":{"start":{"line":7,"column":26},"end":{"line":7,"column":40}},"9":{"start":{"line":7,"column":13},"end":{"line":7,"column":15}},"10":{"start":{"line":7,"column":22},"end":{"line":7,"column":26}},"11":{"start":{"line":9,"column":2},"end":{"line":39,"column":21}},"12":{"start":{"line":10,"column":22},"end":{"line":32,"column":6}},"13":{"start":{"line":10,"column":45},"end":{"line":32,"column":6}},"14":{"start":{"line":12,"column":25},"end":{"line":12,"column":null}},"15":{"start":{"line":12,"column":14},"end":{"line":12,"column":null}},"16":{"start":{"line":14,"column":12},"end":{"line":14,"column":20}},"17":{"start":{"line":15,"column":25},"end":{"line":15,"column":null}},"18":{"start":{"line":15,"column":16},"end":{"line":15,"column":null}},"19":{"start":{"line":17,"column":10},"end":{"line":17,"column":28}},"20":{"start":{"line":18,"column":10},"end":{"line":18,"column":26}},"21":{"start":{"line":19,"column":10},"end":{"line":19,"column":26}},"22":{"start":{"line":21,"column":10},"end":{"line":21,"column":28}},"23":{"start":{"line":22,"column":10},"end":{"line":22,"column":25}},"24":{"start":{"line":23,"column":10},"end":{"line":23,"column":24}},"25":{"start":{"line":25,"column":10},"end":{"line":25,"column":47}},"26":{"start":{"line":28,"column":8},"end":{"line":28,"column":26}},"27":{"start":{"line":29,"column":8},"end":{"line":29,"column":23}},"28":{"start":{"line":30,"column":8},"end":{"line":30,"column":22}},"29":{"start":{"line":34,"column":4},"end":{"line":34,"column":21}},"30":{"start":{"line":35,"column":4},"end":{"line":35,"column":20}},"31":{"start":{"line":36,"column":4},"end":{"line":36,"column":18}},"32":{"start":{"line":38,"column":4},"end":{"line":38,"column":19}},"33":{"start":{"line":41,"column":2},"end":{"line":41,"column":34}},"34":{"start":{"line":4,"column":13},"end":{"line":4,"column":24}}},"fnMap":{"0":{"name":"(anonymous_13)","decl":{"start":{"line":4,"column":24},"end":{"line":4,"column":25}},"loc":{"start":{"line":4,"column":64},"end":{"line":42,"column":1}}},"1":{"name":"(anonymous_14)","decl":{"start":{"line":9,"column":12},"end":{"line":9,"column":null}},"loc":{"start":{"line":9,"column":12},"end":{"line":39,"column":3}}},"2":{"name":"(anonymous_15)","decl":{"start":{"line":10,"column":22},"end":{"line":10,"column":29}},"loc":{"start":{"line":10,"column":45},"end":{"line":32,"column":6}}},"3":{"name":"(anonymous_16)","decl":{"start":{"line":10,"column":45},"end":{"line":10,"column":null}},"loc":{"start":{"line":10,"column":45},"end":{"line":32,"column":6}}}},"branchMap":{"0":{"loc":{"start":{"line":14,"column":12},"end":{"line":14,"column":20}},"type":"if","locations":[{"start":{"line":14,"column":12},"end":{"line":14,"column":20}},{"start":{"line":14,"column":12},"end":{"line":14,"column":20}}]}},"s":{"0":1,"1":1,"2":0,"3":0,"4":0,"5":0,"6":0,"7":0,"8":0,"9":0,"10":0,"11":0,"12":0,"13":0,"14":0,"15":0,"16":0,"17":0,"18":0,"19":0,"20":0,"21":0,"22":0,"23":0,"24":0,"25":0,"26":0,"27":0,"28":0,"29":0,"30":0,"31":0,"32":0,"33":0,"34":1},"f":{"0":0,"1":0,"2":0,"3":0},"b":{"0":[0,0]}}
,"/Users/igororishchenko/Documents/GitHub/react-hooks-kit/src/hooks/effects/index.ts": {"path":"/Users/igororishchenko/Documents/GitHub/react-hooks-kit/src/hooks/effects/index.ts","statementMap":{"0":{"start":{"line":1,"column":0},"end":{"line":1,"column":9}},"1":{"start":{"line":1,"column":9},"end":{"line":1,"column":44}},"2":{"start":{"line":2,"column":0},"end":{"line":2,"column":9}},"3":{"start":{"line":2,"column":9},"end":{"line":2,"column":42}}},"fnMap":{"0":{"name":"(anonymous_0)","decl":{"start":{"line":1,"column":9},"end":{"line":1,"column":20}},"loc":{"start":{"line":1,"column":9},"end":{"line":1,"column":44}}},"1":{"name":"(anonymous_1)","decl":{"start":{"line":2,"column":9},"end":{"line":2,"column":19}},"loc":{"start":{"line":2,"column":9},"end":{"line":2,"column":42}}}},"branchMap":{},"s":{"0":1,"1":1,"2":1,"3":1},"f":{"0":0,"1":0},"b":{}}
,"/Users/igororishchenko/Documents/GitHub/react-hooks-kit/src/hooks/effects/useInterval.ts": {"path":"/Users/igororishchenko/Documents/GitHub/react-hooks-kit/src/hooks/effects/useInterval.ts","statementMap":{"0":{"start":{"line":1,"column":0},"end":{"line":1,"column":42}},"1":{"start":{"line":4,"column":27},"end":{"line":26,"column":1}},"2":{"start":{"line":5,"column":21},"end":{"line":5,"column":30}},"3":{"start":{"line":6,"column":20},"end":{"line":6,"column":32}},"4":{"start":{"line":8,"column":2},"end":{"line":25,"column":33}},"5":{"start":{"line":9,"column":32},"end":{"line":15,"column":5}},"6":{"start":{"line":10,"column":6},"end":{"line":14,"column":null}},"7":{"start":{"line":11,"column":8},"end":{"line":11,"column":29}},"8":{"start":{"line":13,"column":8},"end":{"line":13,"column":19}},"9":{"start":{"line":17,"column":30},"end":{"line":17,"column":72}},"10":{"start":{"line":19,"column":4},"end":{"line":24,"column":6}},"11":{"start":{"line":20,"column":6},"end":{"line":20,"column":29}},"12":{"start":{"line":21,"column":6},"end":{"line":21,"column":31}},"13":{"start":{"line":23,"column":6},"end":{"line":23,"column":39}},"14":{"start":{"line":4,"column":13},"end":{"line":4,"column":27}}},"fnMap":{"0":{"name":"(anonymous_0)","decl":{"start":{"line":4,"column":27},"end":{"line":4,"column":28}},"loc":{"start":{"line":4,"column":81},"end":{"line":26,"column":1}}},"1":{"name":"(anonymous_1)","decl":{"start":{"line":8,"column":12},"end":{"line":8,"column":null}},"loc":{"start":{"line":8,"column":12},"end":{"line":25,"column":3}}},"2":{"name":"(anonymous_2)","decl":{"start":{"line":9,"column":32},"end":{"line":9,"column":null}},"loc":{"start":{"line":9,"column":32},"end":{"line":15,"column":5}}},"3":{"name":"(anonymous_3)","decl":{"start":{"line":19,"column":11},"end":{"line":19,"column":null}},"loc":{"start":{"line":19,"column":11},"end":{"line":24,"column":5}}}},"branchMap":{"0":{"loc":{"start":{"line":10,"column":6},"end":{"line":14,"column":null}},"type":"if","locations":[{"start":{"line":10,"column":6},"end":{"line":14,"column":null}},{"start":{"line":10,"column":6},"end":{"line":14,"column":null}}]},"1":{"loc":{"start":{"line":10,"column":10},"end":{"line":10,"column":27}},"type":"binary-expr","locations":[{"start":{"line":10,"column":10},"end":{"line":10,"column":27}},{"start":{"line":10,"column":31},"end":{"line":10,"column":69}}]}},"s":{"0":1,"1":1,"2":0,"3":0,"4":0,"5":0,"6":0,"7":0,"8":0,"9":0,"10":0,"11":0,"12":0,"13":0,"14":1},"f":{"0":0,"1":0,"2":0,"3":0},"b":{"0":[0,0],"1":[0,0]}}
,"/Users/igororishchenko/Documents/GitHub/react-hooks-kit/src/hooks/effects/useTimeout.ts": {"path":"/Users/igororishchenko/Documents/GitHub/react-hooks-kit/src/hooks/effects/useTimeout.ts","statementMap":{"0":{"start":{"line":1,"column":0},"end":{"line":1,"column":34}},"1":{"start":{"line":4,"column":26},"end":{"line":10,"column":1}},"2":{"start":{"line":5,"column":2},"end":{"line":9,"column":26}},"3":{"start":{"line":6,"column":30},"end":{"line":6,"column":59}},"4":{"start":{"line":8,"column":4},"end":{"line":8,"column":49}},"5":{"start":{"line":8,"column":17},"end":{"line":8,"column":49}},"6":{"start":{"line":4,"column":13},"end":{"line":4,"column":26}}},"fnMap":{"0":{"name":"(anonymous_0)","decl":{"start":{"line":4,"column":26},"end":{"line":4,"column":27}},"loc":{"start":{"line":4,"column":64},"end":{"line":10,"column":1}}},"1":{"name":"(anonymous_1)","decl":{"start":{"line":5,"column":12},"end":{"line":5,"column":null}},"loc":{"start":{"line":5,"column":12},"end":{"line":9,"column":3}}},"2":{"name":"(anonymous_2)","decl":{"start":{"line":8,"column":11},"end":{"line":8,"column":17}},"loc":{"start":{"line":8,"column":11},"end":{"line":8,"column":29}}}},"branchMap":{},"s":{"0":1,"1":1,"2":0,"3":0,"4":0,"5":0,"6":1},"f":{"0":0,"1":0,"2":0},"b":{}}
,"/Users/igororishchenko/Documents/GitHub/react-hooks-kit/src/hooks/lifecycles/index.ts": {"path":"/Users/igororishchenko/Documents/GitHub/react-hooks-kit/src/hooks/lifecycles/index.ts","statementMap":{"0":{"start":{"line":1,"column":0},"end":{"line":1,"column":9}},"1":{"start":{"line":1,"column":9},"end":{"line":1,"column":50}},"2":{"start":{"line":2,"column":0},"end":{"line":2,"column":9}},"3":{"start":{"line":2,"column":9},"end":{"line":2,"column":42}},"4":{"start":{"line":3,"column":0},"end":{"line":3,"column":9}},"5":{"start":{"line":3,"column":9},"end":{"line":3,"column":48}},"6":{"start":{"line":4,"column":0},"end":{"line":4,"column":9}},"7":{"start":{"line":4,"column":9},"end":{"line":4,"column":38}},"8":{"start":{"line":5,"column":0},"end":{"line":5,"column":9}},"9":{"start":{"line":5,"column":9},"end":{"line":5,"column":42}}},"fnMap":{"0":{"name":"(anonymous_0)","decl":{"start":{"line":1,"column":9},"end":{"line":1,"column":23}},"loc":{"start":{"line":1,"column":9},"end":{"line":1,"column":50}}},"1":{"name":"(anonymous_1)","decl":{"start":{"line":2,"column":9},"end":{"line":2,"column":19}},"loc":{"start":{"line":2,"column":9},"end":{"line":2,"column":42}}},"2":{"name":"(anonymous_2)","decl":{"start":{"line":3,"column":9},"end":{"line":3,"column":22}},"loc":{"start":{"line":3,"column":9},"end":{"line":3,"column":48}}},"3":{"name":"(anonymous_3)","decl":{"start":{"line":4,"column":9},"end":{"line":4,"column":17}},"loc":{"start":{"line":4,"column":9},"end":{"line":4,"column":38}}},"4":{"name":"(anonymous_4)","decl":{"start":{"line":5,"column":9},"end":{"line":5,"column":19}},"loc":{"start":{"line":5,"column":9},"end":{"line":5,"column":42}}}},"branchMap":{},"s":{"0":1,"1":1,"2":1,"3":1,"4":1,"5":1,"6":1,"7":6,"8":1,"9":1},"f":{"0":0,"1":0,"2":0,"3":5,"4":0},"b":{}}
,"/Users/igororishchenko/Documents/GitHub/react-hooks-kit/src/hooks/lifecycles/useFirstMount.ts": {"path":"/Users/igororishchenko/Documents/GitHub/react-hooks-kit/src/hooks/lifecycles/useFirstMount.ts","statementMap":{"0":{"start":{"line":1,"column":0},"end":{"line":1,"column":31}},"1":{"start":{"line":4,"column":29},"end":{"line":14,"column":1}},"2":{"start":{"line":5,"column":23},"end":{"line":5,"column":35}},"3":{"start":{"line":7,"column":2},"end":{"line":11,"column":null}},"4":{"start":{"line":8,"column":4},"end":{"line":8,"column":33}},"5":{"start":{"line":10,"column":4},"end":{"line":10,"column":34}},"6":{"start":{"line":13,"column":2},"end":{"line":13,"column":48}},"7":{"start":{"line":4,"column":13},"end":{"line":4,"column":29}}},"fnMap":{"0":{"name":"(anonymous_0)","decl":{"start":{"line":4,"column":29},"end":{"line":4,"column":null}},"loc":{"start":{"line":4,"column":29},"end":{"line":14,"column":1}}}},"branchMap":{"0":{"loc":{"start":{"line":7,"column":2},"end":{"line":11,"column":null}},"type":"if","locations":[{"start":{"line":7,"column":2},"end":{"line":11,"column":null}},{"start":{"line":7,"column":2},"end":{"line":11,"column":null}}]}},"s":{"0":1,"1":1,"2":0,"3":0,"4":0,"5":0,"6":0,"7":1},"f":{"0":0},"b":{"0":[0,0]}}
,"/Users/igororishchenko/Documents/GitHub/react-hooks-kit/src/hooks/lifecycles/useMount.ts": {"path":"/Users/igororishchenko/Documents/GitHub/react-hooks-kit/src/hooks/lifecycles/useMount.ts","statementMap":{"0":{"start":{"line":1,"column":0},"end":{"line":1,"column":34}},"1":{"start":{"line":4,"column":24},"end":{"line":8,"column":1}},"2":{"start":{"line":5,"column":2},"end":{"line":7,"column":17}},"3":{"start":{"line":6,"column":4},"end":{"line":6,"column":15}},"4":{"start":{"line":4,"column":13},"end":{"line":4,"column":24}}},"fnMap":{"0":{"name":"(anonymous_0)","decl":{"start":{"line":4,"column":24},"end":{"line":4,"column":25}},"loc":{"start":{"line":4,"column":45},"end":{"line":8,"column":1}}},"1":{"name":"(anonymous_1)","decl":{"start":{"line":5,"column":12},"end":{"line":5,"column":null}},"loc":{"start":{"line":5,"column":12},"end":{"line":7,"column":3}}}},"branchMap":{},"s":{"0":1,"1":1,"2":4,"3":3,"4":1},"f":{"0":4,"1":3},"b":{}}
,"/Users/igororishchenko/Documents/GitHub/react-hooks-kit/src/hooks/lifecycles/useRemount.ts": {"path":"/Users/igororishchenko/Documents/GitHub/react-hooks-kit/src/hooks/lifecycles/useRemount.ts","statementMap":{"0":{"start":{"line":1,"column":0},"end":{"line":1,"column":33}},"1":{"start":{"line":4,"column":26},"end":{"line":13,"column":1}},"2":{"start":{"line":5,"column":24},"end":{"line":5,"column":35}},"3":{"start":{"line":5,"column":12},"end":{"line":5,"column":14}},"4":{"start":{"line":5,"column":20},"end":{"line":5,"column":24}},"5":{"start":{"line":8,"column":20},"end":{"line":10,"column":3}},"6":{"start":{"line":9,"column":4},"end":{"line":9,"column":20}},"7":{"start":{"line":12,"column":2},"end":{"line":12,"column":28}},"8":{"start":{"line":4,"column":13},"end":{"line":4,"column":26}}},"fnMap":{"0":{"name":"(anonymous_0)","decl":{"start":{"line":4,"column":26},"end":{"line":4,"column":null}},"loc":{"start":{"line":4,"column":26},"end":{"line":13,"column":1}}},"1":{"name":"(anonymous_1)","decl":{"start":{"line":8,"column":20},"end":{"line":8,"column":null}},"loc":{"start":{"line":8,"column":20},"end":{"line":10,"column":3}}}},"branchMap":{},"s":{"0":1,"1":1,"2":0,"3":0,"4":0,"5":0,"6":0,"7":0,"8":1},"f":{"0":0,"1":0},"b":{}}
,"/Users/igororishchenko/Documents/GitHub/react-hooks-kit/src/hooks/lifecycles/useRenderCount.ts": {"path":"/Users/igororishchenko/Documents/GitHub/react-hooks-kit/src/hooks/lifecycles/useRenderCount.ts","statementMap":{"0":{"start":{"line":1,"column":0},"end":{"line":1,"column":31}},"1":{"start":{"line":4,"column":30},"end":{"line":16,"column":1}},"2":{"start":{"line":5,"column":22},"end":{"line":5,"column":31}},"3":{"start":{"line":7,"column":2},"end":{"line":7,"column":24}},"4":{"start":{"line":9,"column":2},"end":{"line":13,"column":null}},"5":{"start":{"line":10,"column":4},"end":{"line":12,"column":6}},"6":{"start":{"line":15,"column":2},"end":{"line":15,"column":46}},"7":{"start":{"line":4,"column":13},"end":{"line":4,"column":30}}},"fnMap":{"0":{"name":"(anonymous_0)","decl":{"start":{"line":4,"column":30},"end":{"line":4,"column":31}},"loc":{"start":{"line":4,"column":65},"end":{"line":16,"column":1}}}},"branchMap":{"0":{"loc":{"start":{"line":9,"column":2},"end":{"line":13,"column":null}},"type":"if","locations":[{"start":{"line":9,"column":2},"end":{"line":13,"column":null}},{"start":{"line":9,"column":2},"end":{"line":13,"column":null}}]}},"s":{"0":1,"1":1,"2":0,"3":0,"4":0,"5":0,"6":0,"7":1},"f":{"0":0},"b":{"0":[0,0]}}
,"/Users/igororishchenko/Documents/GitHub/react-hooks-kit/src/hooks/lifecycles/useUnmount.ts": {"path":"/Users/igororishchenko/Documents/GitHub/react-hooks-kit/src/hooks/lifecycles/useUnmount.ts","statementMap":{"0":{"start":{"line":1,"column":0},"end":{"line":1,"column":34}},"1":{"start":{"line":4,"column":26},"end":{"line":8,"column":1}},"2":{"start":{"line":5,"column":2},"end":{"line":7,"column":17}},"3":{"start":{"line":6,"column":4},"end":{"line":6,"column":28}},"4":{"start":{"line":6,"column":17},"end":{"line":6,"column":28}},"5":{"start":{"line":4,"column":13},"end":{"line":4,"column":26}}},"fnMap":{"0":{"name":"(anonymous_0)","decl":{"start":{"line":4,"column":26},"end":{"line":4,"column":27}},"loc":{"start":{"line":4,"column":47},"end":{"line":8,"column":1}}},"1":{"name":"(anonymous_1)","decl":{"start":{"line":5,"column":12},"end":{"line":5,"column":null}},"loc":{"start":{"line":5,"column":12},"end":{"line":7,"column":3}}},"2":{"name":"(anonymous_2)","decl":{"start":{"line":6,"column":11},"end":{"line":6,"column":17}},"loc":{"start":{"line":6,"column":11},"end":{"line":6,"column":25}}}},"branchMap":{},"s":{"0":1,"1":1,"2":0,"3":0,"4":0,"5":1},"f":{"0":0,"1":0,"2":0},"b":{}}
,"/Users/igororishchenko/Documents/GitHub/react-hooks-kit/src/hooks/state/index.ts": {"path":"/Users/igororishchenko/Documents/GitHub/react-hooks-kit/src/hooks/state/index.ts","statementMap":{"0":{"start":{"line":1,"column":0},"end":{"line":1,"column":9}},"1":{"start":{"line":1,"column":9},"end":{"line":1,"column":48}},"2":{"start":{"line":2,"column":0},"end":{"line":2,"column":9}},"3":{"start":{"line":2,"column":9},"end":{"line":2,"column":40}}},"fnMap":{"0":{"name":"(anonymous_0)","decl":{"start":{"line":1,"column":9},"end":{"line":1,"column":22}},"loc":{"start":{"line":1,"column":9},"end":{"line":1,"column":48}}},"1":{"name":"(anonymous_1)","decl":{"start":{"line":2,"column":9},"end":{"line":2,"column":18}},"loc":{"start":{"line":2,"column":9},"end":{"line":2,"column":40}}}},"branchMap":{},"s":{"0":1,"1":1,"2":1,"3":1},"f":{"0":0,"1":0},"b":{}}
,"/Users/igororishchenko/Documents/GitHub/react-hooks-kit/src/hooks/state/useModalState.ts": {"path":"/Users/igororishchenko/Documents/GitHub/react-hooks-kit/src/hooks/state/useModalState.ts","statementMap":{"0":{"start":{"line":1,"column":0},"end":{"line":1,"column":33}},"1":{"start":{"line":4,"column":29},"end":{"line":23,"column":1}},"2":{"start":{"line":4,"column":30},"end":{"line":4,"column":null}},"3":{"start":{"line":4,"column":32},"end":{"line":4,"column":45}},"4":{"start":{"line":4,"column":45},"end":{"line":4,"column":58}},"5":{"start":{"line":5,"column":30},"end":{"line":5,"column":53}},"6":{"start":{"line":5,"column":15},"end":{"line":5,"column":17}},"7":{"start":{"line":5,"column":26},"end":{"line":5,"column":30}},"8":{"start":{"line":8,"column":17},"end":{"line":10,"column":3}},"9":{"start":{"line":9,"column":4},"end":{"line":9,"column":20}},"10":{"start":{"line":13,"column":18},"end":{"line":15,"column":3}},"11":{"start":{"line":14,"column":4},"end":{"line":14,"column":21}},"12":{"start":{"line":18,"column":19},"end":{"line":20,"column":3}},"13":{"start":{"line":19,"column":4},"end":{"line":19,"column":23}},"14":{"start":{"line":22,"column":2},"end":{"line":22,"column":47}},"15":{"start":{"line":4,"column":13},"end":{"line":4,"column":29}}},"fnMap":{"0":{"name":"(anonymous_0)","decl":{"start":{"line":4,"column":29},"end":{"line":4,"column":30}},"loc":{"start":{"line":4,"column":60},"end":{"line":23,"column":1}}},"1":{"name":"(anonymous_1)","decl":{"start":{"line":8,"column":17},"end":{"line":8,"column":null}},"loc":{"start":{"line":8,"column":17},"end":{"line":10,"column":3}}},"2":{"name":"(anonymous_2)","decl":{"start":{"line":13,"column":18},"end":{"line":13,"column":null}},"loc":{"start":{"line":13,"column":18},"end":{"line":15,"column":3}}},"3":{"name":"(anonymous_3)","decl":{"start":{"line":18,"column":19},"end":{"line":18,"column":null}},"loc":{"start":{"line":18,"column":19},"end":{"line":20,"column":3}}}},"branchMap":{"0":{"loc":{"start":{"line":4,"column":58},"end":{"line":4,"column":60}},"type":"cond-expr","locations":[{"start":{"line":4,"column":58},"end":{"line":4,"column":60}},{"start":{"line":4,"column":60},"end":{"line":4,"column":null}}]},"1":{"loc":{"start":{"line":4,"column":48},"end":{"line":4,"column":53}},"type":"cond-expr","locations":[{"start":{"line":4,"column":48},"end":{"line":4,"column":53}},{"start":{"line":4,"column":53},"end":{"line":4,"column":58}}]}},"s":{"0":1,"1":1,"2":0,"3":0,"4":0,"5":0,"6":0,"7":0,"8":0,"9":0,"10":0,"11":0,"12":0,"13":0,"14":0,"15":1},"f":{"0":0,"1":0,"2":0,"3":0},"b":{"0":[0,0],"1":[0,0]}}
,"/Users/igororishchenko/Documents/GitHub/react-hooks-kit/src/hooks/state/useToggle.ts": {"path":"/Users/igororishchenko/Documents/GitHub/react-hooks-kit/src/hooks/state/useToggle.ts","statementMap":{"0":{"start":{"line":1,"column":0},"end":{"line":1,"column":33}},"1":{"start":{"line":4,"column":25},"end":{"line":13,"column":1}},"2":{"start":{"line":4,"column":26},"end":{"line":4,"column":null}},"3":{"start":{"line":4,"column":28},"end":{"line":4,"column":44}},"4":{"start":{"line":4,"column":44},"end":{"line":4,"column":57}},"5":{"start":{"line":5,"column":36},"end":{"line":5,"column":62}},"6":{"start":{"line":5,"column":18},"end":{"line":5,"column":20}},"7":{"start":{"line":5,"column":32},"end":{"line":5,"column":36}},"8":{"start":{"line":8,"column":19},"end":{"line":10,"column":3}},"9":{"start":{"line":9,"column":4},"end":{"line":9,"column":29}},"10":{"start":{"line":12,"column":2},"end":{"line":12,"column":33}},"11":{"start":{"line":4,"column":13},"end":{"line":4,"column":25}}},"fnMap":{"0":{"name":"(anonymous_0)","decl":{"start":{"line":4,"column":25},"end":{"line":4,"column":26}},"loc":{"start":{"line":4,"column":59},"end":{"line":13,"column":1}}},"1":{"name":"(anonymous_1)","decl":{"start":{"line":8,"column":19},"end":{"line":8,"column":null}},"loc":{"start":{"line":8,"column":19},"end":{"line":10,"column":3}}}},"branchMap":{"0":{"loc":{"start":{"line":4,"column":57},"end":{"line":4,"column":59}},"type":"cond-expr","locations":[{"start":{"line":4,"column":57},"end":{"line":4,"column":59}},{"start":{"line":4,"column":59},"end":{"line":4,"column":null}}]},"1":{"loc":{"start":{"line":4,"column":47},"end":{"line":4,"column":52}},"type":"cond-expr","locations":[{"start":{"line":4,"column":47},"end":{"line":4,"column":52}},{"start":{"line":4,"column":52},"end":{"line":4,"column":57}}]}},"s":{"0":1,"1":1,"2":0,"3":0,"4":0,"5":0,"6":0,"7":0,"8":0,"9":0,"10":0,"11":1},"f":{"0":0,"1":0},"b":{"0":[0,0],"1":[0,0]}}
}
